15:41:51 **** Incremental Build of configuration Debug for project Aula 05 ****
make all 
Building target: Aula 05.elf
Invoking: Cross ARM C++ Linker
arm-none-eabi-g++ -mcpu=cortex-m0plus -mthumb -O0 -fmessage-length=0 -fsigned-char -ffunction-sections -fdata-sections -Wall  -g3 -T "MKL25Z128xxx4_flash.ld" -Xlinker --gc-sections -L"C:/Users/Hebert Wandick/Documents/GitHub/Embarcados/Aula 05/Project_Settings/Linker_Files" -Wl,-Map,"Aula 05.map" -specs=nosys.specs -specs=nano.specs -o "Aula 05.elf"  ./Sources/buttons.o ./Sources/ledrgb.o ./Sources/main.o ./Sources/mcg.o ./Sources/util.o  ./Project_Settings/Startup_Code/startup.o ./Project_Settings/Startup_Code/startup_MKL25Z4.o ./Project_Settings/Startup_Code/system_MKL25Z4.o   
./Sources/buttons.o: In function `buttons_init':
C:\Users\Hebert Wandick\Documents\GitHub\Embarcados\Aula 05\Debug/../Sources/buttons.c:27: undefined reference to `CLOCK_SYS_EnablePortClock'
C:\Users\Hebert Wandick\Documents\GitHub\Embarcados\Aula 05\Debug/../Sources/buttons.c:33: undefined reference to `GPIO_HAL_SetPinDir'
./Sources/ledrgb.o: In function `ledrgb_init':
C:\Users\Hebert Wandick\Documents\GitHub\Embarcados\Aula 05\Debug/../Sources/ledrgb.c:31: undefined reference to `CLOCK_SYS_EnablePortClock'
C:\Users\Hebert Wandick\Documents\GitHub\Embarcados\Aula 05\Debug/../Sources/ledrgb.c:32: undefined reference to `CLOCK_SYS_EnablePortClock'
C:\Users\Hebert Wandick\Documents\GitHub\Embarcados\Aula 05\Debug/../Sources/ledrgb.c:40: undefined reference to `GPIO_HAL_SetPinDir'
C:\Users\Hebert Wandick\Documents\GitHub\Embarcados\Aula 05\Debug/../Sources/ledrgb.c:41: undefined reference to `GPIO_HAL_SetPinDir'
C:\Users\Hebert Wandick\Documents\GitHub\Embarcados\Aula 05\Debug/../Sources/ledrgb.c:42: undefined reference to `GPIO_HAL_SetPinDir'
./Sources/mcg.o: In function `mcg_initOsc0':
C:\Users\Hebert Wandick\Documents\GitHub\Embarcados\Aula 05\Debug/../Sources/mcg.c:194: undefined reference to `CLOCK_SYS_OscInit'
./Sources/mcg.o: In function `mcg_initRtcOsc':
C:\Users\Hebert Wandick\Documents\GitHub\Embarcados\Aula 05\Debug/../Sources/mcg.c:233: undefined reference to `CLOCK_SYS_RtcOscInit'
./Sources/mcg.o: In function `mcg_initSystemClock':
C:\Users\Hebert Wandick\Documents\GitHub\Embarcados\Aula 05\Debug/../Sources/mcg.c:250: undefined reference to `CLOCK_SYS_SetConfiguration'
./Sources/mcg.o: In function `mcg_clockInit':
C:\Users\Hebert Wandick\Documents\GitHub\Embarcados\Aula 05\Debug/../Sources/mcg.c:265: undefined reference to `CLOCK_SYS_EnablePortClock'
C:\Users\Hebert Wandick\Documents\GitHub\Embarcados\Aula 05\Debug/../Sources/mcg.c:266: undefined reference to `CLOCK_SYS_EnablePortClock'
C:\Users\Hebert Wandick\Documents\GitHub\Embarcados\Aula 05\Debug/../Sources/mcg.c:267: undefined reference to `CLOCK_SYS_EnablePortClock'
collect2.exe: error: ld returned 1 exit status
makefile:55: recipe for target 'Aula 05.elf' failed
make: *** [Aula 05.elf] Error 1

15:41:52 Build Finished (took 779ms)

